# JRE version: OpenJDK Runtime Environment Temurin-17.0.17+10 (17.0.17+10) (build 17.0.17+10)
# Java VM: OpenJDK 64-Bit Server VM Temurin-17.0.17+10 (17.0.17+10, mixed mode, sharing, tiered, compressed oops, compressed class ptrs, g1 gc, windows-amd64)
GC Precious Log:
 CPUs: 12 total, 12 available
 Memory: 7501M
 Large Page Support: Disabled
 NUMA Support: Disabled
 Compressed Oops: Enabled (32-bit)
 Heap Region Size: 1M
 Heap Min Capacity: 8M
 Heap Initial Capacity: 118M
 Heap Max Capacity: 1876M
 Pre-touch: Disabled
 Parallel Workers: 10
 Concurrent Workers: 3
 Concurrent Refinement Workers: 10
 Periodic GC: Disabled
Heap:
 garbage-first heap   total 128000K, used 96076K [0x000000008ac00000, 0x0000000100000000)
  region size 1024K, 17 young (17408K), 1 survivors (1024K)
 Metaspace       used 55092K, committed 55488K, reserved 1114112K
  class space    used 6223K, committed 6400K, reserved 1048576K
GC Heap History (20 events):
Event: 8.552 GC heap before
{Heap before GC invocations=12 (full 0):
 garbage-first heap   total 92160K, used 72794K [0x000000008ac00000, 0x0000000100000000)
  region size 1024K, 28 young (28672K), 4 survivors (4096K)
 Metaspace       used 43597K, committed 43968K, reserved 1114112K
  class space    used 5351K, committed 5504K, reserved 1048576K
}
Event: 8.562 GC heap after
{Heap after GC invocations=13 (full 0):
 garbage-first heap   total 92160K, used 50678K [0x000000008ac00000, 0x0000000100000000)
  region size 1024K, 3 young (3072K), 3 survivors (3072K)
 Metaspace       used 43597K, committed 43968K, reserved 1114112K
  class space    used 5351K, committed 5504K, reserved 1048576K
}
Event: 9.618 GC heap before
{Heap before GC invocations=14 (full 0):
 garbage-first heap   total 92160K, used 75254K [0x000000008ac00000, 0x0000000100000000)
  region size 1024K, 27 young (27648K), 3 survivors (3072K)
 Metaspace       used 46447K, committed 46784K, reserved 1114112K
  class space    used 5634K, committed 5824K, reserved 1048576K
}
Event: 9.634 GC heap after
{Heap after GC invocations=15 (full 0):
 garbage-first heap   total 92160K, used 56029K [0x000000008ac00000, 0x0000000100000000)
  region size 1024K, 4 young (4096K), 4 survivors (4096K)
 Metaspace       used 46447K, committed 46784K, reserved 1114112K
  class space    used 5634K, committed 5824K, reserved 1048576K
}
Event: 10.423 GC heap before
{Heap before GC invocations=15 (full 0):
 garbage-first heap   total 92160K, used 74461K [0x000000008ac00000, 0x0000000100000000)
  region size 1024K, 22 young (22528K), 4 survivors (4096K)
 Metaspace       used 47920K, committed 48256K, reserved 1114112K
  class space    used 5712K, committed 5888K, reserved 1048576K
}
Event: 10.436 GC heap after
{Heap after GC invocations=16 (full 0):
 garbage-first heap   total 121856K, used 58783K [0x000000008ac00000, 0x0000000100000000)
  region size 1024K, 3 young (3072K), 3 survivors (3072K)
 Metaspace       used 47920K, committed 48256K, reserved 1114112K
  class space    used 5712K, committed 5888K, reserved 1048576K
}
Event: 11.880 GC heap before
{Heap before GC invocations=17 (full 0):
 garbage-first heap   total 121856K, used 94623K [0x000000008ac00000, 0x0000000100000000)
  region size 1024K, 38 young (38912K), 3 survivors (3072K)
 Metaspace       used 51543K, committed 51904K, reserved 1114112K
  class space    used 6091K, committed 6272K, reserved 1048576K
}
Event: 11.901 GC heap after
{Heap after GC invocations=18 (full 0):
 garbage-first heap   total 121856K, used 63045K [0x000000008ac00000, 0x0000000100000000)
  region size 1024K, 5 young (5120K), 5 survivors (5120K)
 Metaspace       used 51543K, committed 51904K, reserved 1114112K
  class space    used 6091K, committed 6272K, reserved 1048576K
}
Event: 13.397 GC heap before
{Heap before GC invocations=18 (full 0):
 garbage-first heap   total 121856K, used 95813K [0x000000008ac00000, 0x0000000100000000)
  region size 1024K, 37 young (37888K), 5 survivors (5120K)
 Metaspace       used 53190K, committed 53632K, reserved 1114112K
  class space    used 6146K, committed 6336K, reserved 1048576K
}
Event: 13.416 GC heap after
{Heap after GC invocations=19 (full 0):
 garbage-first heap   total 121856K, used 67116K [0x000000008ac00000, 0x0000000100000000)
  region size 1024K, 4 young (4096K), 4 survivors (4096K)
 Metaspace       used 53190K, committed 53632K, reserved 1114112K
  class space    used 6146K, committed 6336K, reserved 1048576K
}
Event: 13.616 GC heap before
{Heap before GC invocations=20 (full 0):
 garbage-first heap   total 121856K, used 70188K [0x000000008ac00000, 0x0000000100000000)
  region size 1024K, 8 young (8192K), 4 survivors (4096K)
 Metaspace       used 53285K, committed 53696K, reserved 1114112K
  class space    used 6147K, committed 6336K, reserved 1048576K
}
Event: 13.624 GC heap after
{Heap after GC invocations=21 (full 0):
 garbage-first heap   total 121856K, used 68089K [0x000000008ac00000, 0x0000000100000000)
  region size 1024K, 1 young (1024K), 1 survivors (1024K)
 Metaspace       used 53285K, committed 53696K, reserved 1114112K
  class space    used 6147K, committed 6336K, reserved 1048576K
}
Event: 15.332 GC heap before
{Heap before GC invocations=22 (full 0):
 garbage-first heap   total 126976K, used 98809K [0x000000008ac00000, 0x0000000100000000)
  region size 1024K, 30 young (30720K), 1 survivors (1024K)
 Metaspace       used 53888K, committed 54272K, reserved 1114112K
  class space    used 6159K, committed 6336K, reserved 1048576K
}
Event: 15.345 GC heap after
{Heap after GC invocations=23 (full 0):
 garbage-first heap   total 126976K, used 71680K [0x000000008ac00000, 0x0000000100000000)
  region size 1024K, 4 young (4096K), 4 survivors (4096K)
 Metaspace       used 53888K, committed 54272K, reserved 1114112K
  class space    used 6159K, committed 6336K, reserved 1048576K
}
Event: 17.272 GC heap before
{Heap before GC invocations=23 (full 0):
 garbage-first heap   total 126976K, used 102400K [0x000000008ac00000, 0x0000000100000000)
  region size 1024K, 34 young (34816K), 4 survivors (4096K)
 Metaspace       used 54417K, committed 54848K, reserved 1114112K
  class space    used 6179K, committed 6400K, reserved 1048576K
}
Event: 17.297 GC heap after
{Heap after GC invocations=24 (full 0):
 garbage-first heap   total 126976K, used 75767K [0x000000008ac00000, 0x0000000100000000)
  region size 1024K, 4 young (4096K), 4 survivors (4096K)
 Metaspace       used 54417K, committed 54848K, reserved 1114112K
  class space    used 6179K, committed 6400K, reserved 1048576K
}
Event: 18.984 GC heap before
{Heap before GC invocations=25 (full 0):
 garbage-first heap   total 128000K, used 105463K [0x000000008ac00000, 0x0000000100000000)
  region size 1024K, 31 young (31744K), 4 survivors (4096K)
 Metaspace       used 54834K, committed 55232K, reserved 1114112K
  class space    used 6201K, committed 6400K, reserved 1048576K
}
Event: 18.997 GC heap after
{Heap after GC invocations=26 (full 0):
 garbage-first heap   total 128000K, used 80698K [0x000000008ac00000, 0x0000000100000000)
  region size 1024K, 3 young (3072K), 3 survivors (3072K)
 Metaspace       used 54834K, committed 55232K, reserved 1114112K
  class space    used 6201K, committed 6400K, reserved 1048576K
}
Event: 19.105 GC heap before
{Heap before GC invocations=26 (full 0):
 garbage-first heap   total 128000K, used 83770K [0x000000008ac00000, 0x0000000100000000)
  region size 1024K, 6 young (6144K), 3 survivors (3072K)
 Metaspace       used 54846K, committed 55232K, reserved 1114112K
  class space    used 6201K, committed 6400K, reserved 1048576K
}
Event: 19.116 GC heap after
{Heap after GC invocations=27 (full 0):
 garbage-first heap   total 128000K, used 80716K [0x000000008ac00000, 0x0000000100000000)
  region size 1024K, 1 young (1024K), 1 survivors (1024K)
 Metaspace       used 54846K, committed 55232K, reserved 1114112K
  class space    used 6201K, committed 6400K, reserved 1048576K
}

