# JRE version: OpenJDK Runtime Environment Temurin-17.0.17+10 (17.0.17+10) (build 17.0.17+10)
# Java VM: OpenJDK 64-Bit Server VM Temurin-17.0.17+10 (17.0.17+10, mixed mode, sharing, tiered, compressed oops, compressed class ptrs, g1 gc, windows-amd64)
GC Precious Log:
 CPUs: 12 total, 12 available
 Memory: 7501M
 Large Page Support: Disabled
 NUMA Support: Disabled
 Compressed Oops: Enabled (Zero based)
 Heap Region Size: 2M
 Heap Min Capacity: 8M
 Heap Initial Capacity: 118M
 Heap Max Capacity: 3G
 Pre-touch: Disabled
 Parallel Workers: 10
 Concurrent Workers: 3
 Concurrent Refinement Workers: 10
 Periodic GC: Disabled
Heap:
 garbage-first heap   total 622592K, used 246335K [0x0000000740000000, 0x0000000800000000)
  region size 2048K, 4 young (8192K), 4 survivors (8192K)
 Metaspace       used 178042K, committed 179648K, reserved 835584K
  class space    used 23494K, committed 24192K, reserved 638976K
GC Heap History (20 events):
Event: 64.152 GC heap after
{Heap after GC invocations=51 (full 0):
 garbage-first heap   total 622592K, used 171255K [0x0000000740000000, 0x0000000800000000)
  region size 2048K, 4 young (8192K), 4 survivors (8192K)
 Metaspace       used 142476K, committed 143616K, reserved 770048K
  class space    used 18671K, committed 19200K, reserved 638976K
}
Event: 76.956 GC heap before
{Heap before GC invocations=52 (full 0):
 garbage-first heap   total 602112K, used 517367K [0x0000000740000000, 0x0000000800000000)
  region size 2048K, 173 young (354304K), 4 survivors (8192K)
 Metaspace       used 154400K, committed 155584K, reserved 835584K
  class space    used 20240K, committed 20800K, reserved 638976K
}
Event: 76.992 GC heap after
{Heap after GC invocations=53 (full 0):
 garbage-first heap   total 602112K, used 180458K [0x0000000740000000, 0x0000000800000000)
  region size 2048K, 8 young (16384K), 8 survivors (16384K)
 Metaspace       used 154400K, committed 155584K, reserved 835584K
  class space    used 20240K, committed 20800K, reserved 638976K
}
Event: 77.505 GC heap before
{Heap before GC invocations=53 (full 0):
 garbage-first heap   total 602112K, used 192746K [0x0000000740000000, 0x0000000800000000)
  region size 2048K, 14 young (28672K), 8 survivors (16384K)
 Metaspace       used 155341K, committed 156544K, reserved 835584K
  class space    used 20429K, committed 20992K, reserved 638976K
}
Event: 77.538 GC heap after
{Heap after GC invocations=54 (full 0):
 garbage-first heap   total 602112K, used 178097K [0x0000000740000000, 0x0000000800000000)
  region size 2048K, 2 young (4096K), 2 survivors (4096K)
 Metaspace       used 155341K, committed 156544K, reserved 835584K
  class space    used 20429K, committed 20992K, reserved 638976K
}
Event: 104.412 GC heap before
{Heap before GC invocations=54 (full 0):
 garbage-first heap   total 602112K, used 491441K [0x0000000740000000, 0x0000000800000000)
  region size 2048K, 155 young (317440K), 2 survivors (4096K)
 Metaspace       used 171631K, committed 172864K, reserved 835584K
  class space    used 22636K, committed 23232K, reserved 638976K
}
Event: 104.436 GC heap after
{Heap after GC invocations=55 (full 0):
 garbage-first heap   total 602112K, used 188489K [0x0000000740000000, 0x0000000800000000)
  region size 2048K, 10 young (20480K), 10 survivors (20480K)
 Metaspace       used 171631K, committed 172864K, reserved 835584K
  class space    used 22636K, committed 23232K, reserved 638976K
}
Event: 117.948 GC heap before
{Heap before GC invocations=55 (full 0):
 garbage-first heap   total 602112K, used 489545K [0x0000000740000000, 0x0000000800000000)
  region size 2048K, 157 young (321536K), 10 survivors (20480K)
 Metaspace       used 175721K, committed 177088K, reserved 835584K
  class space    used 23097K, committed 23744K, reserved 638976K
}
Event: 117.992 GC heap after
{Heap after GC invocations=56 (full 0):
 garbage-first heap   total 602112K, used 207288K [0x0000000740000000, 0x0000000800000000)
  region size 2048K, 19 young (38912K), 19 survivors (38912K)
 Metaspace       used 175721K, committed 177088K, reserved 835584K
  class space    used 23097K, committed 23744K, reserved 638976K
}
Event: 122.595 GC heap before
{Heap before GC invocations=57 (full 0):
 garbage-first heap   total 602112K, used 487864K [0x0000000740000000, 0x0000000800000000)
  region size 2048K, 157 young (321536K), 19 survivors (38912K)
 Metaspace       used 177118K, committed 178560K, reserved 835584K
  class space    used 23371K, committed 24064K, reserved 638976K
}
Event: 122.686 GC heap after
{Heap after GC invocations=58 (full 0):
 garbage-first heap   total 602112K, used 228816K [0x0000000740000000, 0x0000000800000000)
  region size 2048K, 20 young (40960K), 20 survivors (40960K)
 Metaspace       used 177118K, committed 178560K, reserved 835584K
  class space    used 23371K, committed 24064K, reserved 638976K
}
Event: 122.695 GC heap before
{Heap before GC invocations=58 (full 0):
 garbage-first heap   total 602112K, used 228816K [0x0000000740000000, 0x0000000800000000)
  region size 2048K, 21 young (43008K), 20 survivors (40960K)
 Metaspace       used 177118K, committed 178560K, reserved 835584K
  class space    used 23371K, committed 24064K, reserved 638976K
}
Event: 122.814 GC heap after
{Heap after GC invocations=59 (full 0):
 garbage-first heap   total 602112K, used 227863K [0x0000000740000000, 0x0000000800000000)
  region size 2048K, 3 young (6144K), 3 survivors (6144K)
 Metaspace       used 177118K, committed 178560K, reserved 835584K
  class space    used 23371K, committed 24064K, reserved 638976K
}
Event: 125.553 GC heap before
{Heap before GC invocations=59 (full 0):
 garbage-first heap   total 602112K, used 485911K [0x0000000740000000, 0x0000000800000000)
  region size 2048K, 130 young (266240K), 3 survivors (6144K)
 Metaspace       used 177478K, committed 179008K, reserved 835584K
  class space    used 23416K, committed 24128K, reserved 638976K
}
Event: 125.629 GC heap after
{Heap after GC invocations=60 (full 0):
 garbage-first heap   total 602112K, used 235769K [0x0000000740000000, 0x0000000800000000)
  region size 2048K, 7 young (14336K), 7 survivors (14336K)
 Metaspace       used 177478K, committed 179008K, reserved 835584K
  class space    used 23416K, committed 24128K, reserved 638976K
}
Event: 128.408 GC heap before
{Heap before GC invocations=61 (full 0):
 garbage-first heap   total 602112K, used 487673K [0x0000000740000000, 0x0000000800000000)
  region size 2048K, 131 young (268288K), 7 survivors (14336K)
 Metaspace       used 177968K, committed 179520K, reserved 835584K
  class space    used 23483K, committed 24192K, reserved 638976K
}
Event: 128.428 GC heap after
{Heap after GC invocations=62 (full 0):
 garbage-first heap   total 602112K, used 249292K [0x0000000740000000, 0x0000000800000000)
  region size 2048K, 14 young (28672K), 14 survivors (28672K)
 Metaspace       used 177968K, committed 179520K, reserved 835584K
  class space    used 23483K, committed 24192K, reserved 638976K
}
Event: 128.440 GC heap before
{Heap before GC invocations=62 (full 0):
 garbage-first heap   total 602112K, used 249292K [0x0000000740000000, 0x0000000800000000)
  region size 2048K, 15 young (30720K), 14 survivors (28672K)
 Metaspace       used 177968K, committed 179520K, reserved 835584K
  class space    used 23483K, committed 24192K, reserved 638976K
}
Event: 128.508 GC heap after
{Heap after GC invocations=63 (full 0):
 garbage-first heap   total 602112K, used 244053K [0x0000000740000000, 0x0000000800000000)
  region size 2048K, 2 young (4096K), 2 survivors (4096K)
 Metaspace       used 177968K, committed 179520K, reserved 835584K
  class space    used 23483K, committed 24192K, reserved 638976K
}
Event: 129.527 GC heap before
{Heap before GC invocations=63 (full 0):
 garbage-first heap   total 602112K, used 360789K [0x0000000740000000, 0x0000000800000000)
  region size 2048K, 61 young (124928K), 2 survivors (4096K)
 Metaspace       used 178042K, committed 179648K, reserved 835584K
  class space    used 23494K, committed 24192K, reserved 638976K
}

